GET-----/users/backend/info?id=1-----token校验失败,没有权限----2024年6月11日星期二下午3点12分
POST-----/users/backend/login-----参数password格式错误----2024年6月11日星期二下午3点12分
GET-----/users/backend/info?id=1-----未登录,请重新登录----2024年6月11日星期二下午3点13分
POST-----/users/backend/login-----参数password格式错误----2024年6月11日星期二下午3点55分
POST-----/users/backend/login-----参数password格式错误----2024年6月11日星期二下午3点56分
GET-----/users/backend/list?id=1-----token校验失败,没有权限----2024年6月11日星期二下午5点08分
GET-----/users/backend/list?id=1-----token校验失败,没有权限----2024年6月11日星期二下午5点09分
GET-----/users/backend/list?id=1-----token校验失败,没有权限----2024年6月11日星期二下午5点09分
GET-----/users/backend/list?id=1-----token校验失败,没有权限----2024年6月11日星期二下午5点09分
GET-----/users/backend/list?id=1-----token校验失败,没有权限----2024年6月11日星期二下午5点09分
GET-----/users/backend/list?id=1-----token校验失败,没有权限----2024年6月11日星期二下午5点10分
POST-----/users/backend/del-----未登录,请重新登录----2024年6月11日星期二下午5点46分
GET-----/users/backend/list?id=1-----未登录,请重新登录----2024年6月11日星期二下午5点53分
POST-----/carousel/backend/remove-----token校验失败,没有权限----2024年6月11日星期二晚上6点27分
POST-----/carousel/backend/remove-----token校验失败,没有权限----2024年6月11日星期二晚上6点28分
POST-----/carousel/backend/remove-----token校验失败,没有权限----2024年6月11日星期二晚上6点29分
GET-----/users/info?id=1-----token校验失败----2024年6月12日星期三上午10点42分
GET-----/users/info?id=1-----token校验失败----2024年6月12日星期三上午10点42分
GET-----/users/backend/info?id=1-----token校验失败,没有权限----2024年6月12日星期三中午11点34分
GET-----/users/logout?id=1717484814115412e1a-----未登录,请重新登录----2024年6月12日星期三中午12点22分
GET-----/users/backend/list?id=1-----token校验失败,没有权限----2024年6月23日星期日晚上8点47分
GET-----/users/backend/list?id=1-----token校验失败,没有权限----2024年6月23日星期日晚上8点53分
POST-----/users/register-----两次密码不一致----2024年6月23日星期日晚上8点55分
POST-----/users/register-----两次密码不一致----2024年6月23日星期日晚上8点55分
POST-----/users/register-----两次密码不一致----2024年6月23日星期日晚上8点56分
POST-----/users/register-----两次密码不一致----2024年6月23日星期日晚上8点57分
GET-----/users/backend/list?id=1-----未登录,请重新登录----2024年6月23日星期日晚上8点57分
GET-----/users/backend/list?id=1-----未登录,请重新登录----2024年6月23日星期日晚上8点58分
GET-----/users/backend/list?id=1-----未登录,请重新登录----2024年6月23日星期日晚上8点58分
GET-----/users/backend/list?id=1-----未登录,请重新登录----2024年6月23日星期日晚上8点58分
GET-----/users/backend/list?id=1-----未登录,请重新登录----2024年6月23日星期日晚上8点58分
GET-----/users/backend/list?id=1-----未登录,请重新登录----2024年6月23日星期日晚上8点58分
GET-----/users/backend/list?id=1-----未登录,请重新登录----2024年6月23日星期日晚上8点58分
GET-----/users/backend/list?id=1-----未登录,请重新登录----2024年6月23日星期日晚上8点58分
POST-----/users/register-----两次密码不一致----2024年6月23日星期日晚上8点58分
GET-----/users/backend/list?id=1-----未登录,请重新登录----2024年6月23日星期日晚上8点58分
GET-----/users/backend/list?id=1-----未登录,请重新登录----2024年6月23日星期日晚上9点01分
GET-----/users/backend/list?id=1-----未登录,请重新登录----2024年6月23日星期日晚上9点01分
GET-----/users/backend/list?id=1-----未登录,请重新登录----2024年6月23日星期日晚上9点01分
GET-----/users/backend/list?id=1-----未登录,请重新登录----2024年6月23日星期日晚上9点01分
GET-----/users/backend/logout?id=1-----未登录,请重新登录----2024年6月23日星期日晚上9点01分
GET-----/users/info?id=17191476778625d24bb-----获取用户信息失败,请重试----2024年6月23日星期日晚上9点02分
GET-----/users/info?id=17191476778625d24bb-----获取用户信息失败,请重试----2024年6月23日星期日晚上9点02分
GET-----/users/info?id=17191476778625d24bb-----获取用户信息失败,请重试----2024年6月23日星期日晚上9点02分
GET-----/users/info?id=17191476778625d24bb-----获取用户信息失败,请重试----2024年6月23日星期日晚上9点02分
GET-----/users/info?id=17191476778625d24bb-----获取用户信息失败,请重试----2024年6月23日星期日晚上9点02分
GET-----/users/info?id=17191476778625d24bb-----获取用户信息失败,请重试----2024年6月23日星期日晚上9点02分
